#-----------------------------------------------------------
# Vivado v2021.1 (64-bit)
# SW Build 3247384 on Thu Jun 10 19:36:33 MDT 2021
# IP Build 3246043 on Fri Jun 11 00:30:35 MDT 2021
# Start of session at: Wed Apr 13 18:02:36 2022
# Process ID: 8432
# Current directory: C:/Users/user/Documents/GitHub/Tut-8/mnistbnn
# Command line: vivado.exe -gui_launcher_event rodinguilauncherevent16680 C:\Users\user\Documents\GitHub\Tut-8\mnistbnn\mnistbnn.xpr
# Log file: C:/Users/user/Documents/GitHub/Tut-8/mnistbnn/vivado.log
# Journal file: C:/Users/user/Documents/GitHub/Tut-8/mnistbnn\vivado.jou
#-----------------------------------------------------------
start_gui
open_project C:/Users/user/Documents/GitHub/Tut-8/mnistbnn/mnistbnn.xpr
WARNING: [filemgmt 56-3] Default IP Output Path : Could not find the directory 'C:/Users/user/Documents/GitHub/Tut-8/mnistbnn/mnistbnn.gen/sources_1'.
WARNING: [filemgmt 56-3] IPUserFilesDir: Could not find the directory 'C:/Users/user/Documents/GitHub/Tut-8/mnistbnn/p_user_files'.
Scanning sources...
Finished scanning sources
INFO: [IP_Flow 19-234] Refreshing IP repositories
INFO: [IP_Flow 19-1704] No user IP repositories specified
INFO: [IP_Flow 19-2313] Loaded Vivado IP repository 'C:/Xilinx/Vivado/2021.1/data/ip'.
update_compile_order -fileset sources_1
