INFO: [VRFC 10-2263] Analyzing Verilog file "C:/Users/user/Documents/GitHub/Tut-5/myProject1/myProject1.sim/sim_1/synth/func/xsim/top_sim_func_synth.v" into library xil_defaultlib
INFO: [VRFC 10-311] analyzing module Layer_1
INFO: [VRFC 10-311] analyzing module Layer_2
INFO: [VRFC 10-311] analyzing module Layer_3
INFO: [VRFC 10-311] analyzing module Layer_4
INFO: [VRFC 10-311] analyzing module ReLU
INFO: [VRFC 10-311] analyzing module ReLU_0
INFO: [VRFC 10-311] analyzing module ReLU_1
INFO: [VRFC 10-311] analyzing module ReLU_10
INFO: [VRFC 10-311] analyzing module ReLU_11
INFO: [VRFC 10-311] analyzing module ReLU_12
INFO: [VRFC 10-311] analyzing module ReLU_13
INFO: [VRFC 10-311] analyzing module ReLU_14
INFO: [VRFC 10-311] analyzing module ReLU_15
INFO: [VRFC 10-311] analyzing module ReLU_16
INFO: [VRFC 10-311] analyzing module ReLU_17
INFO: [VRFC 10-311] analyzing module ReLU_18
INFO: [VRFC 10-311] analyzing module ReLU_19
INFO: [VRFC 10-311] analyzing module ReLU_2
INFO: [VRFC 10-311] analyzing module ReLU_20
INFO: [VRFC 10-311] analyzing module ReLU_21
INFO: [VRFC 10-311] analyzing module ReLU_22
INFO: [VRFC 10-311] analyzing module ReLU_23
INFO: [VRFC 10-311] analyzing module ReLU_24
INFO: [VRFC 10-311] analyzing module ReLU_25
INFO: [VRFC 10-311] analyzing module ReLU_26
INFO: [VRFC 10-311] analyzing module ReLU_27
INFO: [VRFC 10-311] analyzing module ReLU_28
INFO: [VRFC 10-311] analyzing module ReLU_29
INFO: [VRFC 10-311] analyzing module ReLU_3
INFO: [VRFC 10-311] analyzing module ReLU_30
INFO: [VRFC 10-311] analyzing module ReLU_31
INFO: [VRFC 10-311] analyzing module ReLU_32
INFO: [VRFC 10-311] analyzing module ReLU_33
INFO: [VRFC 10-311] analyzing module ReLU_34
INFO: [VRFC 10-311] analyzing module ReLU_35
INFO: [VRFC 10-311] analyzing module ReLU_36
INFO: [VRFC 10-311] analyzing module ReLU_37
INFO: [VRFC 10-311] analyzing module ReLU_38
INFO: [VRFC 10-311] analyzing module ReLU_39
INFO: [VRFC 10-311] analyzing module ReLU_4
INFO: [VRFC 10-311] analyzing module ReLU_40
INFO: [VRFC 10-311] analyzing module ReLU_41
INFO: [VRFC 10-311] analyzing module ReLU_42
INFO: [VRFC 10-311] analyzing module ReLU_43
INFO: [VRFC 10-311] analyzing module ReLU_44
INFO: [VRFC 10-311] analyzing module ReLU_45
INFO: [VRFC 10-311] analyzing module ReLU_46
INFO: [VRFC 10-311] analyzing module ReLU_47
INFO: [VRFC 10-311] analyzing module ReLU_48
INFO: [VRFC 10-311] analyzing module ReLU_49
INFO: [VRFC 10-311] analyzing module ReLU_5
INFO: [VRFC 10-311] analyzing module ReLU_50
INFO: [VRFC 10-311] analyzing module ReLU_51
INFO: [VRFC 10-311] analyzing module ReLU_52
INFO: [VRFC 10-311] analyzing module ReLU_53
INFO: [VRFC 10-311] analyzing module ReLU_54
INFO: [VRFC 10-311] analyzing module ReLU_55
INFO: [VRFC 10-311] analyzing module ReLU_56
INFO: [VRFC 10-311] analyzing module ReLU_57
INFO: [VRFC 10-311] analyzing module ReLU_58
INFO: [VRFC 10-311] analyzing module ReLU_59
INFO: [VRFC 10-311] analyzing module ReLU_6
INFO: [VRFC 10-311] analyzing module ReLU_60
INFO: [VRFC 10-311] analyzing module ReLU_61
INFO: [VRFC 10-311] analyzing module ReLU_62
INFO: [VRFC 10-311] analyzing module ReLU_63
INFO: [VRFC 10-311] analyzing module ReLU_64
INFO: [VRFC 10-311] analyzing module ReLU_65
INFO: [VRFC 10-311] analyzing module ReLU_66
INFO: [VRFC 10-311] analyzing module ReLU_67
INFO: [VRFC 10-311] analyzing module ReLU_68
INFO: [VRFC 10-311] analyzing module ReLU_69
INFO: [VRFC 10-311] analyzing module ReLU_7
INFO: [VRFC 10-311] analyzing module ReLU_70
INFO: [VRFC 10-311] analyzing module ReLU_71
INFO: [VRFC 10-311] analyzing module ReLU_72
INFO: [VRFC 10-311] analyzing module ReLU_73
INFO: [VRFC 10-311] analyzing module ReLU_74
INFO: [VRFC 10-311] analyzing module ReLU_75
INFO: [VRFC 10-311] analyzing module ReLU_76
INFO: [VRFC 10-311] analyzing module ReLU_77
INFO: [VRFC 10-311] analyzing module ReLU_78
INFO: [VRFC 10-311] analyzing module ReLU_8
INFO: [VRFC 10-311] analyzing module ReLU_9
INFO: [VRFC 10-311] analyzing module Weight_Memory__parameterized69
INFO: [VRFC 10-311] analyzing module Weight_Memory__parameterized70
INFO: [VRFC 10-311] analyzing module Weight_Memory__parameterized71
INFO: [VRFC 10-311] analyzing module Weight_Memory__parameterized72
INFO: [VRFC 10-311] analyzing module Weight_Memory__parameterized73
INFO: [VRFC 10-311] analyzing module Weight_Memory__parameterized74
INFO: [VRFC 10-311] analyzing module Weight_Memory__parameterized75
INFO: [VRFC 10-311] analyzing module Weight_Memory__parameterized76
INFO: [VRFC 10-311] analyzing module Weight_Memory__parameterized77
INFO: [VRFC 10-311] analyzing module Weight_Memory__parameterized78
INFO: [VRFC 10-311] analyzing module axi_lite_wrapper
INFO: [VRFC 10-311] analyzing module maxFinder
INFO: [VRFC 10-311] analyzing module neuron
INFO: [VRFC 10-311] analyzing module neuron__parameterized0
INFO: [VRFC 10-311] analyzing module neuron__parameterized1
INFO: [VRFC 10-311] analyzing module neuron__parameterized10
INFO: [VRFC 10-311] analyzing module neuron__parameterized11
INFO: [VRFC 10-311] analyzing module neuron__parameterized12
INFO: [VRFC 10-311] analyzing module neuron__parameterized13
INFO: [VRFC 10-311] analyzing module neuron__parameterized14
INFO: [VRFC 10-311] analyzing module neuron__parameterized15
INFO: [VRFC 10-311] analyzing module neuron__parameterized16
INFO: [VRFC 10-311] analyzing module neuron__parameterized17
INFO: [VRFC 10-311] analyzing module neuron__parameterized18
INFO: [VRFC 10-311] analyzing module neuron__parameterized19
INFO: [VRFC 10-311] analyzing module neuron__parameterized2
INFO: [VRFC 10-311] analyzing module neuron__parameterized20
INFO: [VRFC 10-311] analyzing module neuron__parameterized21
INFO: [VRFC 10-311] analyzing module neuron__parameterized22
INFO: [VRFC 10-311] analyzing module neuron__parameterized23
INFO: [VRFC 10-311] analyzing module neuron__parameterized24
INFO: [VRFC 10-311] analyzing module neuron__parameterized25
INFO: [VRFC 10-311] analyzing module neuron__parameterized26
INFO: [VRFC 10-311] analyzing module neuron__parameterized27
INFO: [VRFC 10-311] analyzing module neuron__parameterized28
INFO: [VRFC 10-311] analyzing module neuron__parameterized29
INFO: [VRFC 10-311] analyzing module neuron__parameterized3
INFO: [VRFC 10-311] analyzing module neuron__parameterized30
INFO: [VRFC 10-311] analyzing module neuron__parameterized31
INFO: [VRFC 10-311] analyzing module neuron__parameterized32
INFO: [VRFC 10-311] analyzing module neuron__parameterized33
INFO: [VRFC 10-311] analyzing module neuron__parameterized34
INFO: [VRFC 10-311] analyzing module neuron__parameterized35
INFO: [VRFC 10-311] analyzing module neuron__parameterized36
INFO: [VRFC 10-311] analyzing module neuron__parameterized37
INFO: [VRFC 10-311] analyzing module neuron__parameterized38
INFO: [VRFC 10-311] analyzing module neuron__parameterized39
INFO: [VRFC 10-311] analyzing module neuron__parameterized4
INFO: [VRFC 10-311] analyzing module neuron__parameterized40
INFO: [VRFC 10-311] analyzing module neuron__parameterized41
INFO: [VRFC 10-311] analyzing module neuron__parameterized42
INFO: [VRFC 10-311] analyzing module neuron__parameterized43
INFO: [VRFC 10-311] analyzing module neuron__parameterized44
INFO: [VRFC 10-311] analyzing module neuron__parameterized45
INFO: [VRFC 10-311] analyzing module neuron__parameterized46
INFO: [VRFC 10-311] analyzing module neuron__parameterized47
INFO: [VRFC 10-311] analyzing module neuron__parameterized48
INFO: [VRFC 10-311] analyzing module neuron__parameterized49
INFO: [VRFC 10-311] analyzing module neuron__parameterized5
INFO: [VRFC 10-311] analyzing module neuron__parameterized50
INFO: [VRFC 10-311] analyzing module neuron__parameterized51
INFO: [VRFC 10-311] analyzing module neuron__parameterized52
INFO: [VRFC 10-311] analyzing module neuron__parameterized53
INFO: [VRFC 10-311] analyzing module neuron__parameterized54
INFO: [VRFC 10-311] analyzing module neuron__parameterized55
INFO: [VRFC 10-311] analyzing module neuron__parameterized56
INFO: [VRFC 10-311] analyzing module neuron__parameterized57
INFO: [VRFC 10-311] analyzing module neuron__parameterized58
INFO: [VRFC 10-311] analyzing module neuron__parameterized59
INFO: [VRFC 10-311] analyzing module neuron__parameterized6
INFO: [VRFC 10-311] analyzing module neuron__parameterized60
INFO: [VRFC 10-311] analyzing module neuron__parameterized61
INFO: [VRFC 10-311] analyzing module neuron__parameterized62
INFO: [VRFC 10-311] analyzing module neuron__parameterized63
INFO: [VRFC 10-311] analyzing module neuron__parameterized64
INFO: [VRFC 10-311] analyzing module neuron__parameterized65
INFO: [VRFC 10-311] analyzing module neuron__parameterized66
INFO: [VRFC 10-311] analyzing module neuron__parameterized67
INFO: [VRFC 10-311] analyzing module neuron__parameterized68
INFO: [VRFC 10-311] analyzing module neuron__parameterized69
INFO: [VRFC 10-311] analyzing module neuron__parameterized7
INFO: [VRFC 10-311] analyzing module neuron__parameterized70
INFO: [VRFC 10-311] analyzing module neuron__parameterized71
INFO: [VRFC 10-311] analyzing module neuron__parameterized72
INFO: [VRFC 10-311] analyzing module neuron__parameterized73
INFO: [VRFC 10-311] analyzing module neuron__parameterized74
INFO: [VRFC 10-311] analyzing module neuron__parameterized75
INFO: [VRFC 10-311] analyzing module neuron__parameterized76
INFO: [VRFC 10-311] analyzing module neuron__parameterized77
INFO: [VRFC 10-311] analyzing module neuron__parameterized78
INFO: [VRFC 10-311] analyzing module neuron__parameterized8
INFO: [VRFC 10-311] analyzing module neuron__parameterized9
INFO: [VRFC 10-311] analyzing module zyNet
INFO: [VRFC 10-311] analyzing module glbl
INFO: [VRFC 10-2263] Analyzing Verilog file "C:/Users/user/Documents/GitHub/Tut-5/src/fpga/tb/top_sim.v" into library xil_defaultlib
INFO: [VRFC 10-311] analyzing module top_sim
