INFO: [VRFC 10-2263] Analyzing Verilog file "C:/Users/user/Documents/GitHub/Tut-8/mnistbnn/mnistbnn.sim/sim_1/impl/func/xsim/top_sim_func_impl.v" into library xil_defaultlib
INFO: [VRFC 10-311] analyzing module Layer_1
INFO: [VRFC 10-311] analyzing module Layer_2
INFO: [VRFC 10-311] analyzing module Layer_3
INFO: [VRFC 10-311] analyzing module Sig_ROM
INFO: [VRFC 10-311] analyzing module Sig_ROM_0
INFO: [VRFC 10-311] analyzing module Sig_ROM_1
INFO: [VRFC 10-311] analyzing module Sig_ROM_10
INFO: [VRFC 10-311] analyzing module Sig_ROM_11
INFO: [VRFC 10-311] analyzing module Sig_ROM_12
INFO: [VRFC 10-311] analyzing module Sig_ROM_13
INFO: [VRFC 10-311] analyzing module Sig_ROM_14
INFO: [VRFC 10-311] analyzing module Sig_ROM_15
INFO: [VRFC 10-311] analyzing module Sig_ROM_16
INFO: [VRFC 10-311] analyzing module Sig_ROM_17
INFO: [VRFC 10-311] analyzing module Sig_ROM_18
INFO: [VRFC 10-311] analyzing module Sig_ROM_19
INFO: [VRFC 10-311] analyzing module Sig_ROM_2
INFO: [VRFC 10-311] analyzing module Sig_ROM_20
INFO: [VRFC 10-311] analyzing module Sig_ROM_21
INFO: [VRFC 10-311] analyzing module Sig_ROM_22
INFO: [VRFC 10-311] analyzing module Sig_ROM_23
INFO: [VRFC 10-311] analyzing module Sig_ROM_24
INFO: [VRFC 10-311] analyzing module Sig_ROM_25
INFO: [VRFC 10-311] analyzing module Sig_ROM_26
INFO: [VRFC 10-311] analyzing module Sig_ROM_27
INFO: [VRFC 10-311] analyzing module Sig_ROM_28
INFO: [VRFC 10-311] analyzing module Sig_ROM_3
INFO: [VRFC 10-311] analyzing module Sig_ROM_4
INFO: [VRFC 10-311] analyzing module Sig_ROM_5
INFO: [VRFC 10-311] analyzing module Sig_ROM_6
INFO: [VRFC 10-311] analyzing module Sig_ROM_7
INFO: [VRFC 10-311] analyzing module Sig_ROM_8
INFO: [VRFC 10-311] analyzing module Sig_ROM_9
INFO: [VRFC 10-311] analyzing module Weight_Memory__parameterized29
INFO: [VRFC 10-311] analyzing module Weight_Memory__parameterized30
INFO: [VRFC 10-311] analyzing module Weight_Memory__parameterized31
INFO: [VRFC 10-311] analyzing module Weight_Memory__parameterized32
INFO: [VRFC 10-311] analyzing module Weight_Memory__parameterized33
INFO: [VRFC 10-311] analyzing module Weight_Memory__parameterized34
INFO: [VRFC 10-311] analyzing module Weight_Memory__parameterized35
INFO: [VRFC 10-311] analyzing module Weight_Memory__parameterized36
INFO: [VRFC 10-311] analyzing module Weight_Memory__parameterized37
INFO: [VRFC 10-311] analyzing module Weight_Memory__parameterized38
INFO: [VRFC 10-311] analyzing module Weight_Memory__parameterized39
INFO: [VRFC 10-311] analyzing module Weight_Memory__parameterized40
INFO: [VRFC 10-311] analyzing module Weight_Memory__parameterized41
INFO: [VRFC 10-311] analyzing module Weight_Memory__parameterized42
INFO: [VRFC 10-311] analyzing module Weight_Memory__parameterized43
INFO: [VRFC 10-311] analyzing module Weight_Memory__parameterized44
INFO: [VRFC 10-311] analyzing module Weight_Memory__parameterized45
INFO: [VRFC 10-311] analyzing module Weight_Memory__parameterized46
INFO: [VRFC 10-311] analyzing module Weight_Memory__parameterized47
INFO: [VRFC 10-311] analyzing module Weight_Memory__parameterized48
INFO: [VRFC 10-311] analyzing module Weight_Memory__parameterized49
INFO: [VRFC 10-311] analyzing module Weight_Memory__parameterized50
INFO: [VRFC 10-311] analyzing module Weight_Memory__parameterized51
INFO: [VRFC 10-311] analyzing module Weight_Memory__parameterized52
INFO: [VRFC 10-311] analyzing module Weight_Memory__parameterized53
INFO: [VRFC 10-311] analyzing module Weight_Memory__parameterized54
INFO: [VRFC 10-311] analyzing module Weight_Memory__parameterized55
INFO: [VRFC 10-311] analyzing module Weight_Memory__parameterized56
INFO: [VRFC 10-311] analyzing module Weight_Memory__parameterized57
INFO: [VRFC 10-311] analyzing module Weight_Memory__parameterized58
INFO: [VRFC 10-311] analyzing module axi_lite_wrapper
INFO: [VRFC 10-311] analyzing module maxFinder
INFO: [VRFC 10-311] analyzing module neuron
INFO: [VRFC 10-311] analyzing module neuron__parameterized0
INFO: [VRFC 10-311] analyzing module neuron__parameterized1
INFO: [VRFC 10-311] analyzing module neuron__parameterized10
INFO: [VRFC 10-311] analyzing module neuron__parameterized11
INFO: [VRFC 10-311] analyzing module neuron__parameterized12
INFO: [VRFC 10-311] analyzing module neuron__parameterized13
INFO: [VRFC 10-311] analyzing module neuron__parameterized14
INFO: [VRFC 10-311] analyzing module neuron__parameterized15
INFO: [VRFC 10-311] analyzing module neuron__parameterized16
INFO: [VRFC 10-311] analyzing module neuron__parameterized17
INFO: [VRFC 10-311] analyzing module neuron__parameterized18
INFO: [VRFC 10-311] analyzing module neuron__parameterized19
INFO: [VRFC 10-311] analyzing module neuron__parameterized2
INFO: [VRFC 10-311] analyzing module neuron__parameterized20
INFO: [VRFC 10-311] analyzing module neuron__parameterized21
INFO: [VRFC 10-311] analyzing module neuron__parameterized22
INFO: [VRFC 10-311] analyzing module neuron__parameterized23
INFO: [VRFC 10-311] analyzing module neuron__parameterized24
INFO: [VRFC 10-311] analyzing module neuron__parameterized25
INFO: [VRFC 10-311] analyzing module neuron__parameterized26
INFO: [VRFC 10-311] analyzing module neuron__parameterized27
INFO: [VRFC 10-311] analyzing module neuron__parameterized28
INFO: [VRFC 10-311] analyzing module neuron__parameterized29
INFO: [VRFC 10-311] analyzing module neuron__parameterized3
INFO: [VRFC 10-311] analyzing module neuron__parameterized30
INFO: [VRFC 10-311] analyzing module neuron__parameterized31
INFO: [VRFC 10-311] analyzing module neuron__parameterized32
INFO: [VRFC 10-311] analyzing module neuron__parameterized33
INFO: [VRFC 10-311] analyzing module neuron__parameterized34
INFO: [VRFC 10-311] analyzing module neuron__parameterized35
INFO: [VRFC 10-311] analyzing module neuron__parameterized36
INFO: [VRFC 10-311] analyzing module neuron__parameterized37
INFO: [VRFC 10-311] analyzing module neuron__parameterized38
INFO: [VRFC 10-311] analyzing module neuron__parameterized39
INFO: [VRFC 10-311] analyzing module neuron__parameterized4
INFO: [VRFC 10-311] analyzing module neuron__parameterized40
INFO: [VRFC 10-311] analyzing module neuron__parameterized41
INFO: [VRFC 10-311] analyzing module neuron__parameterized42
INFO: [VRFC 10-311] analyzing module neuron__parameterized43
INFO: [VRFC 10-311] analyzing module neuron__parameterized44
INFO: [VRFC 10-311] analyzing module neuron__parameterized45
INFO: [VRFC 10-311] analyzing module neuron__parameterized46
INFO: [VRFC 10-311] analyzing module neuron__parameterized47
INFO: [VRFC 10-311] analyzing module neuron__parameterized48
INFO: [VRFC 10-311] analyzing module neuron__parameterized49
INFO: [VRFC 10-311] analyzing module neuron__parameterized5
INFO: [VRFC 10-311] analyzing module neuron__parameterized50
INFO: [VRFC 10-311] analyzing module neuron__parameterized51
INFO: [VRFC 10-311] analyzing module neuron__parameterized52
INFO: [VRFC 10-311] analyzing module neuron__parameterized53
INFO: [VRFC 10-311] analyzing module neuron__parameterized54
INFO: [VRFC 10-311] analyzing module neuron__parameterized55
INFO: [VRFC 10-311] analyzing module neuron__parameterized56
INFO: [VRFC 10-311] analyzing module neuron__parameterized57
INFO: [VRFC 10-311] analyzing module neuron__parameterized58
INFO: [VRFC 10-311] analyzing module neuron__parameterized6
INFO: [VRFC 10-311] analyzing module neuron__parameterized7
INFO: [VRFC 10-311] analyzing module neuron__parameterized8
INFO: [VRFC 10-311] analyzing module neuron__parameterized9
INFO: [VRFC 10-311] analyzing module zyNet
INFO: [VRFC 10-311] analyzing module glbl
INFO: [VRFC 10-2263] Analyzing Verilog file "C:/Users/user/Documents/GitHub/Tut-8/src/fpga/tb/top_sim.v" into library xil_defaultlib
INFO: [VRFC 10-311] analyzing module top_sim
